<?xml version="1.0" encoding="UTF-8"?>
<!-- Generated by org.testng.reporters.JUnitReportReporter -->
<testsuite hostname="DESKTOP-9HQL1HH" failures="0" tests="1" name="TestCases.Footer_TestCase" time="48.238" errors="0" timestamp="2022-11-12T08:10:43 IST" skipped="0">
  <testcase classname="TestCases.Footer_TestCase" name="verifyFooter" time="48.238"/>
  <system-out/>
</testsuite> <!-- TestCases.Footer_TestCase -->
