<?xml version="1.0" encoding="UTF-8"?>
<!-- Generated by org.testng.reporters.JUnitReportReporter -->
<testsuite hostname="DESKTOP-9HQL1HH" failures="0" tests="1" name="TestCases.MainPageTestCase" time="29.292" errors="0" timestamp="2022-11-10T00:47:06 GMT-08:00" skipped="0">
  <testcase classname="TestCases.MainPageTestCase" name="VerifyMainPage" time="29.292"/>
  <system-out/>
</testsuite> <!-- TestCases.MainPageTestCase -->
