<?xml version="1.0" encoding="UTF-8"?>
<!-- Generated by org.testng.reporters.JUnitReportReporter -->
<testsuite hostname="DESKTOP-9HQL1HH" failures="0" tests="1" name="TestCases.AddToCart_Product_TestCase" time="35.414" errors="0" timestamp="2022-11-12T14:50:49 IST" skipped="0">
  <testcase classname="TestCases.AddToCart_Product_TestCase" name="VerifyAddToCartProduct" time="35.414"/>
  <system-out/>
</testsuite> <!-- TestCases.AddToCart_Product_TestCase -->
