<?xml version="1.0" encoding="UTF-8"?>
<!-- Generated by org.testng.reporters.JUnitReportReporter -->
<testsuite hostname="DESKTOP-9HQL1HH" failures="0" tests="1" name="TestCases.MainMenu_TestCase" time="45.181" errors="0" timestamp="2022-11-12T08:53:59 IST" skipped="0">
  <testcase classname="TestCases.MainMenu_TestCase" name="verifyMainMenu" time="45.181"/>
  <system-out/>
</testsuite> <!-- TestCases.MainMenu_TestCase -->
